C:\USERS\Администратор\DOCUMENTS\VISUAL STUDIO 2012\PROJECTS\ICEFOX_FINAL\ICEFOX\DEBUG\SETOPT.OBJ
C:\USERS\Администратор\DOCUMENTS\VISUAL STUDIO 2012\PROJECTS\ICEFOX_FINAL\ICEFOX\DEBUG\MYFORM.OBJ
C:\USERS\АДМИНИСТРАТОР\DOCUMENTS\VISUAL STUDIO 2012\PROJECTS\ICEFOX_FINAL\ICEFOX\DEBUG\VC110.PDB
C:\Users\Администратор\Documents\Visual Studio 2012\Projects\IceFox_final\IceFox\Debug\IceFox.MyForm.resources
C:\Users\Администратор\Documents\Visual Studio 2012\Projects\IceFox_final\IceFox\Debug\IceFox.setopt.resources
C:\USERS\Администратор\DOCUMENTS\VISUAL STUDIO 2012\PROJECTS\ICEFOX_FINAL\DEBUG\ICEFOX.ILK
C:\USERS\Администратор\DOCUMENTS\VISUAL STUDIO 2012\PROJECTS\ICEFOX_FINAL\DEBUG\ICEFOX.EXE
C:\USERS\АДМИНИСТРАТОР\DOCUMENTS\VISUAL STUDIO 2012\PROJECTS\ICEFOX_FINAL\DEBUG\ICEFOX.PDB
C:\Users\Администратор\Documents\Visual Studio 2012\Projects\IceFox_final\IceFox\Debug\IceFox.vcxproj.GenerateResource.Cache
C:\Users\Администратор\Documents\Visual Studio 2012\Projects\IceFox_final\IceFox\Debug\IceFox.vcxprojResolveAssemblyReference.cache
C:\Users\Администратор\Documents\Visual Studio 2012\Projects\IceFox_final\IceFox\Debug\MyForm.obj
C:\Users\Администратор\Documents\Visual Studio 2012\Projects\IceFox_final\IceFox\Debug\setopt.obj
C:\Users\Администратор\Documents\Visual Studio 2012\Projects\IceFox_final\IceFox\Debug\cl.command.1.tlog
C:\Users\Администратор\Documents\Visual Studio 2012\Projects\IceFox_final\IceFox\Debug\CL.read.1.tlog
C:\Users\Администратор\Documents\Visual Studio 2012\Projects\IceFox_final\IceFox\Debug\CL.write.1.tlog
C:\Users\Администратор\Documents\Visual Studio 2012\Projects\IceFox_final\IceFox\Debug\IceFox.write.1.tlog
C:\Users\Администратор\Documents\Visual Studio 2012\Projects\IceFox_final\IceFox\Debug\link.4972-cvtres.read.1.tlog
C:\Users\Администратор\Documents\Visual Studio 2012\Projects\IceFox_final\IceFox\Debug\link.4972-cvtres.write.1.tlog
C:\Users\Администратор\Documents\Visual Studio 2012\Projects\IceFox_final\IceFox\Debug\link.4972-rc.read.1.tlog
C:\Users\Администратор\Documents\Visual Studio 2012\Projects\IceFox_final\IceFox\Debug\link.4972-rc.write.1.tlog
C:\Users\Администратор\Documents\Visual Studio 2012\Projects\IceFox_final\IceFox\Debug\link.4972.read.1.tlog
C:\Users\Администратор\Documents\Visual Studio 2012\Projects\IceFox_final\IceFox\Debug\link.4972.write.1.tlog
C:\Users\Администратор\Documents\Visual Studio 2012\Projects\IceFox_final\IceFox\Debug\link.command.1.tlog
C:\Users\Администратор\Documents\Visual Studio 2012\Projects\IceFox_final\IceFox\Debug\link.read.1.tlog
C:\Users\Администратор\Documents\Visual Studio 2012\Projects\IceFox_final\IceFox\Debug\link.write.1.tlog
C:\Users\Администратор\Documents\Visual Studio 2012\Projects\IceFox_final\IceFox\Debug\metagen.read.1.tlog
C:\Users\Администратор\Documents\Visual Studio 2012\Projects\IceFox_final\IceFox\Debug\metagen.write.1.tlog
C:\Users\Администратор\Documents\Visual Studio 2012\Projects\IceFox_final\IceFox\Debug\vc110.pdb
C:\Users\Администратор\Documents\Visual Studio 2012\Projects\IceFox_final\Debug\IceFox.pdb
C:\Users\Администратор\Documents\Visual Studio 2012\Projects\IceFox_final\Debug\IceFox.exe
C:\Users\Администратор\Documents\Visual Studio 2012\Projects\IceFox_final\Debug\IceFox.ilk
